Mon Aug 18 09:16:43.215 [initandlisten] MongoDB starting : pid=1638 port=27017 dbpath=/data/db/ 32-bit host=vagrant-ubuntu-trusty-32
Mon Aug 18 09:16:43.221 [initandlisten] 
Mon Aug 18 09:16:43.221 [initandlisten] ** NOTE: This is a 32 bit MongoDB binary.
Mon Aug 18 09:16:43.221 [initandlisten] **       32 bit builds are limited to less than 2GB of data (or less with --journal).
Mon Aug 18 09:16:43.222 [initandlisten] **       Note that journaling defaults to off for 32 bit and is currently off.
Mon Aug 18 09:16:43.222 [initandlisten] **       See http://dochub.mongodb.org/core/32bit
Mon Aug 18 09:16:43.222 [initandlisten] 
Mon Aug 18 09:16:43.223 [initandlisten] db version v2.4.10
Mon Aug 18 09:16:43.223 [initandlisten] git version: e3d78955d181e475345ebd60053a4738a4c5268a
Mon Aug 18 09:16:43.223 [initandlisten] build info: Linux bs-linux32.10gen.cc 2.6.21.7-2.fc8xen #1 SMP Fri Feb 15 12:39:36 EST 2008 i686 BOOST_LIB_VERSION=1_49
Mon Aug 18 09:16:43.223 [initandlisten] allocator: system
Mon Aug 18 09:16:43.223 [initandlisten] options: { fork: true, logpath: "/vagrant/logs/mongod.log" }
Mon Aug 18 09:16:43.224 [initandlisten] exception in initAndListen: 10296 
*********************************************************************
 ERROR: dbpath (/data/db/) does not exist.
 Create this directory or give existing directory in --dbpath.
 See http://dochub.mongodb.org/core/startingandstoppingmongo
*********************************************************************
, terminating
Mon Aug 18 09:16:43.225 dbexit: 
Mon Aug 18 09:16:43.229 [initandlisten] shutdown: going to close listening sockets...
Mon Aug 18 09:16:43.230 [initandlisten] shutdown: going to flush diaglog...
Mon Aug 18 09:16:43.230 [initandlisten] shutdown: going to close sockets...
Mon Aug 18 09:16:43.230 [initandlisten] shutdown: waiting for fs preallocator...
Mon Aug 18 09:16:43.231 [initandlisten] shutdown: closing all files...
Mon Aug 18 09:16:43.231 [initandlisten] closeAllFiles() finished
Mon Aug 18 09:16:43.231 dbexit: really exiting now
